13136 : 2024-08-09 18:54:45,807 : INFO : telemetry.main : Attempt start. Configuration directory [~\.azure].
13136 : 2024-08-09 18:54:45,809 : DEBUG : telemetry.note : acquiring lock
13136 : 2024-08-09 18:54:45,810 : DEBUG : telemetry.note : acquired lock
13136 : 2024-08-09 18:54:45,811 : INFO : telemetry.note : Update the note mtime to 2024-08-09 18:54:45.811285
13136 : 2024-08-09 18:54:45,812 : WARNING : telemetry.note : Fail to parse or read the timestamp 'N/A' in the note file. Set the last send time to minimal. Reason: not readable
13136 : 2024-08-09 18:54:45,813 : INFO : telemetry.records : 1 cache files to move.
13136 : 2024-08-09 18:54:45,814 : INFO : telemetry.records : Create temp folder C:\Windows\Temp\tmp8xqb0e58
13136 : 2024-08-09 18:54:45,817 : INFO : telemetry.records : Move file ~\.azure\telemetry\cache to C:\Windows\Temp\tmp8xqb0e58\cache
13136 : 2024-08-09 18:54:45,822 : INFO : telemetry.records : Processed file C:\Windows\Temp\tmp8xqb0e58\cache into 1 records.
13136 : 2024-08-09 18:54:45,823 : INFO : telemetry.records : Remove directory C:\Windows\Temp\tmp8xqb0e58
13136 : 2024-08-09 18:54:46,319 : INFO : telemetry.client : Accumulated 1 events. Flush the clients.
13136 : 2024-08-09 18:54:46,319 : INFO : telemetry.client : Flush client c4395b75-49cc-422c-bc95-c7d51aef5d46.
13136 : 2024-08-09 18:54:47,446 : INFO : telemetry.sender : Sending 3852 bytes
13136 : 2024-08-09 18:54:47,446 : INFO : telemetry.sender : Finish uploading in 1.126682 seconds.
13136 : 2024-08-09 18:54:47,447 : INFO : telemetry.note : Update the last send in note to 2024-08-09 18:54:43
13136 : 2024-08-09 18:54:47,448 : INFO : telemetry.note : Update the note mtime to 2024-08-09 18:54:47.448957
6612 : 2024-08-09 19:26:08,489 : INFO : telemetry.main : Attempt start. Configuration directory [~\.azure].
6612 : 2024-08-09 19:26:08,490 : DEBUG : telemetry.note : acquiring lock
6612 : 2024-08-09 19:26:08,491 : DEBUG : telemetry.note : acquired lock
6612 : 2024-08-09 19:26:08,492 : INFO : telemetry.note : Update the note mtime to 2024-08-09 19:26:08.492579
6612 : 2024-08-09 19:26:08,497 : INFO : telemetry.note : Read timestamp from the note. The last send was 2024-08-09 18:54:43.
6612 : 2024-08-09 19:26:08,499 : INFO : telemetry.records : 1 cache files to move.
6612 : 2024-08-09 19:26:08,500 : INFO : telemetry.records : Create temp folder C:\Windows\Temp\tmpzco_rzk7
6612 : 2024-08-09 19:26:08,503 : INFO : telemetry.records : Move file ~\.azure\telemetry\cache to C:\Windows\Temp\tmpzco_rzk7\cache
6612 : 2024-08-09 19:26:08,504 : INFO : telemetry.records : Processed file C:\Windows\Temp\tmpzco_rzk7\cache into 1 records.
6612 : 2024-08-09 19:26:08,505 : INFO : telemetry.records : Remove directory C:\Windows\Temp\tmpzco_rzk7
6612 : 2024-08-09 19:26:08,518 : INFO : telemetry.client : Accumulated 1 events. Flush the clients.
6612 : 2024-08-09 19:26:08,518 : INFO : telemetry.client : Flush client c4395b75-49cc-422c-bc95-c7d51aef5d46.
6612 : 2024-08-09 19:26:09,995 : INFO : telemetry.sender : Sending 3852 bytes
6612 : 2024-08-09 19:26:09,996 : INFO : telemetry.sender : Finish uploading in 1.476957 seconds.
6612 : 2024-08-09 19:26:09,997 : INFO : telemetry.note : Update the last send in note to 2024-08-09 19:26:07
6612 : 2024-08-09 19:26:09,998 : INFO : telemetry.note : Update the note mtime to 2024-08-09 19:26:09.998225
